<?xml version="1.0" encoding="UTF-8"?>
<testng-results skipped="0" failed="0" total="1" passed="1">
  <reporter-output>
  </reporter-output>
  <suite name="Default suite" duration-ms="2620" started-at="2018-05-23T11:12:02Z" finished-at="2018-05-23T11:12:04Z">
    <groups>
    </groups>
    <test name="Default test" duration-ms="2620" started-at="2018-05-23T11:12:02Z" finished-at="2018-05-23T11:12:04Z">
      <class name="com.apilearning.apilearning.Weatherapijson">
        <test-method status="PASS" signature="StdJsonparsing()[pri:0, instance:com.apilearning.apilearning.Weatherapijson@4520ebad]" name="StdJsonparsing" duration-ms="2600" started-at="2018-05-23T16:42:02Z" finished-at="2018-05-23T16:42:04Z">
          <reporter-output>
          </reporter-output>
        </test-method> <!-- StdJsonparsing -->
      </class> <!-- com.apilearning.apilearning.Weatherapijson -->
    </test> <!-- Default test -->
  </suite> <!-- Default suite -->
</testng-results>
